{"C:\\Projects\\coates\\userApi\\src\\handlers.ts": {"path":"C:\\Projects\\coates\\userApi\\src\\handlers.ts","statementMap":{"0":{"start":{"line":2,"column":0},"end":{"line":2,"column":26}},"1":{"start":{"line":3,"column":0},"end":{"line":3,"column":26}},"2":{"start":{"line":4,"column":0},"end":{"line":4,"column":27}},"3":{"start":{"line":6,"column":18},"end":{"line":6,"column":51}},"4":{"start":{"line":8,"column":18},"end":{"line":8,"column":30}},"5":{"start":{"line":9,"column":16},"end":{"line":11,"column":2}},"6":{"start":{"line":13,"column":15},"end":{"line":17,"column":2}},"7":{"start":{"line":21,"column":4},"end":{"line":21,"column":32}},"8":{"start":{"line":20,"column":21},"end":{"line":20,"column":39}},"9":{"start":{"line":30,"column":20},"end":{"line":60,"column":1}},"10":{"start":{"line":31,"column":2},"end":{"line":39,"column":null}},"11":{"start":{"line":32,"column":4},"end":{"line":38,"column":6}},"12":{"start":{"line":41,"column":2},"end":{"line":49,"column":null}},"13":{"start":{"line":42,"column":4},"end":{"line":48,"column":6}},"14":{"start":{"line":51,"column":2},"end":{"line":57,"column":null}},"15":{"start":{"line":52,"column":4},"end":{"line":56,"column":6}},"16":{"start":{"line":59,"column":2},"end":{"line":59,"column":10}},"17":{"start":{"line":67,"column":23},"end":{"line":81,"column":1}},"18":{"start":{"line":68,"column":2},"end":{"line":68,"column":34}},"19":{"start":{"line":69,"column":17},"end":{"line":74,"column":14}},"20":{"start":{"line":76,"column":2},"end":{"line":78,"column":null}},"21":{"start":{"line":77,"column":4},"end":{"line":77,"column":53}},"22":{"start":{"line":80,"column":2},"end":{"line":80,"column":21}},"23":{"start":{"line":88,"column":19},"end":{"line":120,"column":1}},"24":{"start":{"line":91,"column":2},"end":{"line":119,"column":null}},"25":{"start":{"line":92,"column":20},"end":{"line":92,"column":52}},"26":{"start":{"line":95,"column":4},"end":{"line":95,"column":58}},"27":{"start":{"line":96,"column":18},"end":{"line":96,"column":55}},"28":{"start":{"line":97,"column":16},"end":{"line":97,"column":25}},"29":{"start":{"line":98,"column":21},"end":{"line":98,"column":46}},"30":{"start":{"line":99,"column":15},"end":{"line":101,"column":null}},"31":{"start":{"line":104,"column":4},"end":{"line":109,"column":17}},"32":{"start":{"line":111,"column":4},"end":{"line":115,"column":6}},"33":{"start":{"line":118,"column":4},"end":{"line":118,"column":26}},"34":{"start":{"line":181,"column":9},"end":{"line":181,"column":19}},"35":{"start":{"line":127,"column":16},"end":{"line":147,"column":1}},"36":{"start":{"line":130,"column":2},"end":{"line":146,"column":null}},"37":{"start":{"line":134,"column":15},"end":{"line":134,"column":49}},"38":{"start":{"line":135,"column":16},"end":{"line":135,"column":30}},"39":{"start":{"line":136,"column":21},"end":{"line":136,"column":46}},"40":{"start":{"line":138,"column":4},"end":{"line":142,"column":6}},"41":{"start":{"line":145,"column":4},"end":{"line":145,"column":26}},"42":{"start":{"line":181,"column":21},"end":{"line":181,"column":28}},"43":{"start":{"line":154,"column":19},"end":{"line":179,"column":1}},"44":{"start":{"line":157,"column":2},"end":{"line":178,"column":null}},"45":{"start":{"line":158,"column":15},"end":{"line":158,"column":49}},"46":{"start":{"line":159,"column":16},"end":{"line":159,"column":30}},"47":{"start":{"line":160,"column":4},"end":{"line":160,"column":30}},"48":{"start":{"line":162,"column":4},"end":{"line":169,"column":17}},"49":{"start":{"line":171,"column":4},"end":{"line":174,"column":6}},"50":{"start":{"line":176,"column":4},"end":{"line":176,"column":31}},"51":{"start":{"line":177,"column":4},"end":{"line":177,"column":26}},"52":{"start":{"line":181,"column":30},"end":{"line":181,"column":40}}},"fnMap":{"0":{"name":"(anonymous_7)","decl":{"start":{"line":20,"column":2},"end":{"line":20,"column":21}},"loc":{"start":{"line":20,"column":75},"end":{"line":22,"column":3}}},"1":{"name":"(anonymous_8)","decl":{"start":{"line":30,"column":20},"end":{"line":30,"column":21}},"loc":{"start":{"line":30,"column":35},"end":{"line":60,"column":1}}},"2":{"name":"(anonymous_9)","decl":{"start":{"line":67,"column":23},"end":{"line":67,"column":28}},"loc":{"start":{"line":67,"column":42},"end":{"line":81,"column":1}}},"3":{"name":"(anonymous_10)","decl":{"start":{"line":88,"column":19},"end":{"line":88,"column":24}},"loc":{"start":{"line":90,"column":36},"end":{"line":120,"column":1}}},"4":{"name":"(anonymous_11)","decl":{"start":{"line":127,"column":16},"end":{"line":127,"column":21}},"loc":{"start":{"line":129,"column":36},"end":{"line":147,"column":1}}},"5":{"name":"(anonymous_12)","decl":{"start":{"line":154,"column":19},"end":{"line":154,"column":24}},"loc":{"start":{"line":156,"column":36},"end":{"line":179,"column":1}}}},"branchMap":{"0":{"loc":{"start":{"line":20,"column":41},"end":{"line":20,"column":75}},"type":"default-arg","locations":[{"start":{"line":20,"column":73},"end":{"line":20,"column":75}}]},"1":{"loc":{"start":{"line":31,"column":2},"end":{"line":39,"column":null}},"type":"if","locations":[{"start":{"line":31,"column":2},"end":{"line":39,"column":null}}]},"2":{"loc":{"start":{"line":41,"column":2},"end":{"line":49,"column":null}},"type":"if","locations":[{"start":{"line":41,"column":2},"end":{"line":49,"column":null}}]},"3":{"loc":{"start":{"line":51,"column":2},"end":{"line":57,"column":null}},"type":"if","locations":[{"start":{"line":51,"column":2},"end":{"line":57,"column":null}}]},"4":{"loc":{"start":{"line":76,"column":2},"end":{"line":78,"column":null}},"type":"if","locations":[{"start":{"line":76,"column":2},"end":{"line":78,"column":null}}]},"5":{"loc":{"start":{"line":96,"column":18},"end":{"line":96,"column":55}},"type":"cond-expr","locations":[{"start":{"line":96,"column":38},"end":{"line":96,"column":40}},{"start":{"line":96,"column":38},"end":{"line":96,"column":55}}]},"6":{"loc":{"start":{"line":96,"column":18},"end":{"line":96,"column":40}},"type":"binary-expr","locations":[{"start":{"line":96,"column":18},"end":{"line":96,"column":40}},{"start":{"line":96,"column":38},"end":{"line":96,"column":40}}]},"7":{"loc":{"start":{"line":134,"column":15},"end":{"line":134,"column":49}},"type":"cond-expr","locations":[{"start":{"line":134,"column":35},"end":{"line":134,"column":37}},{"start":{"line":134,"column":35},"end":{"line":134,"column":49}}]},"8":{"loc":{"start":{"line":134,"column":15},"end":{"line":134,"column":37}},"type":"binary-expr","locations":[{"start":{"line":134,"column":15},"end":{"line":134,"column":37}},{"start":{"line":134,"column":35},"end":{"line":134,"column":37}}]},"9":{"loc":{"start":{"line":158,"column":15},"end":{"line":158,"column":49}},"type":"cond-expr","locations":[{"start":{"line":158,"column":35},"end":{"line":158,"column":37}},{"start":{"line":158,"column":35},"end":{"line":158,"column":49}}]},"10":{"loc":{"start":{"line":158,"column":15},"end":{"line":158,"column":37}},"type":"binary-expr","locations":[{"start":{"line":158,"column":15},"end":{"line":158,"column":37}},{"start":{"line":158,"column":35},"end":{"line":158,"column":37}}]}},"s":{"0":1,"1":1,"2":1,"3":1,"4":1,"5":1,"6":1,"7":0,"8":0,"9":1,"10":1,"11":0,"12":1,"13":0,"14":1,"15":0,"16":1,"17":1,"18":1,"19":1,"20":0,"21":0,"22":0,"23":1,"24":1,"25":1,"26":1,"27":1,"28":1,"29":1,"30":0,"31":0,"32":0,"33":1,"34":1,"35":1,"36":0,"37":0,"38":0,"39":0,"40":0,"41":0,"42":1,"43":1,"44":0,"45":0,"46":0,"47":0,"48":0,"49":0,"50":0,"51":0,"52":1},"f":{"0":0,"1":1,"2":1,"3":1,"4":0,"5":0},"b":{"0":[0],"1":[0],"2":[0],"3":[0],"4":[0],"5":[1,0],"6":[1,1],"7":[0,0],"8":[0,0],"9":[0,0],"10":[0,0]}}
}
