TN:
SF:src\handlers.ts
FN:20,(anonymous_7)
FN:30,(anonymous_8)
FN:67,(anonymous_9)
FN:88,(anonymous_10)
FN:127,(anonymous_11)
FN:154,(anonymous_12)
FNF:6
FNH:3
FNDA:0,(anonymous_7)
FNDA:1,(anonymous_8)
FNDA:1,(anonymous_9)
FNDA:1,(anonymous_10)
FNDA:0,(anonymous_11)
FNDA:0,(anonymous_12)
DA:2,1
DA:3,1
DA:4,1
DA:6,1
DA:8,1
DA:9,1
DA:13,1
DA:20,0
DA:21,0
DA:30,1
DA:31,1
DA:32,0
DA:41,1
DA:42,0
DA:51,1
DA:52,0
DA:59,1
DA:67,1
DA:68,1
DA:69,1
DA:76,0
DA:77,0
DA:80,0
DA:88,1
DA:91,1
DA:92,1
DA:95,1
DA:96,1
DA:97,1
DA:98,1
DA:99,0
DA:104,0
DA:111,0
DA:118,1
DA:127,1
DA:130,0
DA:134,0
DA:135,0
DA:136,0
DA:138,0
DA:145,0
DA:154,1
DA:157,0
DA:158,0
DA:159,0
DA:160,0
DA:162,0
DA:171,0
DA:176,0
DA:177,0
DA:181,1
LF:51
LH:26
BRDA:20,0,0,0
BRDA:31,1,0,0
BRDA:41,2,0,0
BRDA:51,3,0,0
BRDA:76,4,0,0
BRDA:96,5,0,1
BRDA:96,5,1,0
BRDA:96,6,0,1
BRDA:96,6,1,1
BRDA:134,7,0,0
BRDA:134,7,1,0
BRDA:134,8,0,0
BRDA:134,8,1,0
BRDA:158,9,0,0
BRDA:158,9,1,0
BRDA:158,10,0,0
BRDA:158,10,1,0
BRF:17
BRH:3
end_of_record
